2014-05-26 01:56:50 Error: [MissingConnectionException] Database connection "Mysql" is missing, or could not be created.
Exception Attributes: array (
  'class' => 'Mysql',
  'message' => 'SQLSTATE[HY000] [2002] Can\'t connect to local MySQL server through socket \'/var/lib/mysql/mysql.sock\' (2)',
  'enabled' => true,
)
Request URL: /devel/sigepa/
Stack Trace:
#0 /var/www/html/devel/sigepa/lib/Cake/Model/Datasource/DboSource.php(262): Mysql->connect()
#1 /var/www/html/devel/sigepa/lib/Cake/Model/ConnectionManager.php(107): DboSource->__construct(Array)
#2 /var/www/html/devel/sigepa/lib/Cake/Model/Model.php(3225): ConnectionManager::getDataSource('default')
#3 /var/www/html/devel/sigepa/lib/Cake/Model/Model.php(1107): Model->setDataSource('default')
#4 /var/www/html/devel/sigepa/lib/Cake/Model/Model.php(3247): Model->setSource('users')
#5 /var/www/html/devel/sigepa/lib/Cake/Model/Model.php(1318): Model->getDataSource()
#6 /var/www/html/devel/sigepa/lib/Cake/View/Helper/FormHelper.php(199): Model->schema()
#7 /var/www/html/devel/sigepa/lib/Cake/View/Helper/FormHelper.php(451): FormHelper->_introspectModel('User', 'fields')
#8 /var/www/html/devel/sigepa/app/View/Users/login.ctp(18): FormHelper->create('User', Array)
#9 /var/www/html/devel/sigepa/lib/Cake/View/View.php(945): include('/var/www/html/d...')
#10 /var/www/html/devel/sigepa/lib/Cake/View/View.php(907): View->_evaluate('/var/www/html/d...', Array)
#11 /var/www/html/devel/sigepa/lib/Cake/View/View.php(471): View->_render('/var/www/html/d...')
#12 /var/www/html/devel/sigepa/lib/Cake/Controller/Controller.php(952): View->render(NULL, NULL)
#13 /var/www/html/devel/sigepa/lib/Cake/Routing/Dispatcher.php(194): Controller->render()
#14 /var/www/html/devel/sigepa/lib/Cake/Routing/Dispatcher.php(162): Dispatcher->_invoke(Object(UsersController), Object(CakeRequest), Object(CakeResponse))
#15 /var/www/html/devel/sigepa/app/webroot/index.php(110): Dispatcher->dispatch(Object(CakeRequest), Object(CakeResponse))
#16 {main}
2014-05-26 20:27:13 Error: [MissingControllerException] Controller class AdminController could not be found.
Exception Attributes: array (
  'class' => 'AdminController',
  'plugin' => 'Acl',
)
Request URL: /devel/sigepa/acl/admin
Stack Trace:
#0 /var/www/html/devel/sigepa/app/webroot/index.php(110): Dispatcher->dispatch(Object(CakeRequest), Object(CakeResponse))
#1 {main}
2014-05-27 01:10:16 Error: Fatal Error (4): syntax error, unexpected ';' in [/var/www/html/devel/sigepa/app/Controller/PacientesController.php, line 189]
2014-05-27 01:10:16 Error: [FatalErrorException] syntax error, unexpected ';'
Request URL: /devel/sigepa/pacientes/edit/15
Stack Trace:
#0 /var/www/html/devel/sigepa/lib/Cake/Error/ErrorHandler.php(184): ErrorHandler::handleFatalError(4, 'syntax error, u...', '/var/www/html/d...', 189)
#1 [internal function]: ErrorHandler::handleError(4, 'syntax error, u...', '/var/www/html/d...', 189, Array)
#2 /var/www/html/devel/sigepa/lib/Cake/Core/App.php(931): call_user_func('ErrorHandler::h...', 4, 'syntax error, u...', '/var/www/html/d...', 189, Array)
#3 /var/www/html/devel/sigepa/lib/Cake/Core/App.php(904): App::_checkFatalError()
#4 [internal function]: App::shutdown()
#5 {main}
