-- Connecting to localhost...
-- Retrieving table structure for table acos...
-- Sending SELECT query...
-- Retrieving rows...
-- Retrieving table structure for table aros...
-- Sending SELECT query...
-- Retrieving rows...
-- Retrieving table structure for table aros_acos...
-- Sending SELECT query...
-- Retrieving rows...
-- Retrieving table structure for table backups...
-- Sending SELECT query...
-- Retrieving rows...
-- Retrieving table structure for table centros_atencion...
-- Sending SELECT query...
-- Retrieving rows...
-- Retrieving table structure for table composiciones...
-- Sending SELECT query...
-- Retrieving rows...
-- Retrieving table structure for table contraindicaciones...
-- Sending SELECT query...
-- Retrieving rows...
-- Retrieving table structure for table diagnosticos...
-- Sending SELECT query...
-- Retrieving rows...
-- Retrieving table structure for table drogas...
-- Sending SELECT query...
-- Retrieving rows...
-- Retrieving table structure for table especialidades...
-- Sending SELECT query...
-- Retrieving rows...
-- Retrieving table structure for table especialidades_profesionales...
-- Sending SELECT query...
-- Retrieving rows...
-- Retrieving table structure for table estudios_complementarios...
-- Sending SELECT query...
-- Retrieving rows...
-- Retrieving table structure for table estudios_complementarios_pacientes...
-- Sending SELECT query...
-- Retrieving rows...
-- Retrieving table structure for table examenes_fisicos...
-- Sending SELECT query...
-- Retrieving rows...
-- Retrieving table structure for table groups...
-- Sending SELECT query...
-- Retrieving rows...
-- Retrieving table structure for table grupos_terapeuticos...
-- Sending SELECT query...
-- Retrieving rows...
-- Retrieving table structure for table horarios...
-- Sending SELECT query...
-- Retrieving rows...
-- Retrieving table structure for table licencias...
-- Sending SELECT query...
-- Retrieving rows...
-- Retrieving table structure for table medicaciones_tratamientos...
-- Sending SELECT query...
-- Retrieving rows...
-- Retrieving table structure for table medicamentos...
-- Sending SELECT query...
-- Retrieving rows...
-- Retrieving table structure for table obras_sociales...
-- Sending SELECT query...
-- Retrieving rows...
-- Retrieving table structure for table obras_sociales_pacientes...
-- Sending SELECT query...
-- Retrieving rows...
-- Retrieving table structure for table obras_sociales_profesionales...
-- Sending SELECT query...
-- Retrieving rows...
-- Retrieving table structure for table pacientes...
-- Sending SELECT query...
-- Retrieving rows...
-- Retrieving table structure for table patologias...
-- Sending SELECT query...
-- Retrieving rows...
-- Retrieving table structure for table patologias_tratamientos...
-- Sending SELECT query...
-- Retrieving rows...
-- Retrieving table structure for table profesionales...
-- Sending SELECT query...
-- Retrieving rows...
-- Retrieving table structure for table recetas...
-- Sending SELECT query...
-- Retrieving rows...
-- Retrieving table structure for table tmp_composiciones...
-- Sending SELECT query...
-- Retrieving rows...
-- Retrieving table structure for table tmp_contraindicaciones...
-- Sending SELECT query...
-- Retrieving rows...
-- Retrieving table structure for table tmp_drogas...
-- Sending SELECT query...
-- Retrieving rows...
-- Retrieving table structure for table tmp_grupos_terapeuticos...
-- Sending SELECT query...
-- Retrieving rows...
-- Retrieving table structure for table tmp_medicamentos...
-- Sending SELECT query...
-- Retrieving rows...
-- Retrieving table structure for table tratamientos...
-- Sending SELECT query...
-- Retrieving rows...
-- Retrieving table structure for table turnos...
-- Sending SELECT query...
-- Retrieving rows...
-- Retrieving table structure for table users...
-- Sending SELECT query...
-- Retrieving rows...
-- Disconnecting from localhost...
